<?xml version="1.0" encoding="UTF-8"?>
<!-- Generated by org.testng.reporters.JUnitReportReporter -->
<testsuite hostname="ram" failures="0" tests="2" name="sunny.SmokeTest" time="0.006" errors="0" timestamp="2022-07-04T17:38:07 BST" skipped="0">
  <testcase classname="sunny.SmokeTest" name="SmokeCheckOne" time="0.004"/>
  <system-out/>
  <testcase classname="sunny.SmokeTest" name="SmokeChecktwo" time="0.002"/>
  <system-out/>
</testsuite> <!-- sunny.SmokeTest -->
