<?xml version="1.0" encoding="UTF-8"?>
<!-- Generated by org.testng.reporters.JUnitReportReporter -->
<testsuite hostname="ram" failures="0" tests="4" name="sunny.SanityTesting" time="0.023" errors="0" timestamp="2022-07-04T17:38:07 BST" skipped="0">
  <testcase classname="sunny.SanityTesting" name="TestBuildCheckfour" time="0.001"/>
  <system-out/>
  <testcase classname="sunny.SanityTesting" name="TestBuildCheckOne" time="0.018"/>
  <system-out/>
  <testcase classname="sunny.SanityTesting" name="TestBuildCheckthree" time="0.002"/>
  <system-out/>
  <testcase classname="sunny.SanityTesting" name="TestBuildChecktwo" time="0.002"/>
  <system-out/>
</testsuite> <!-- sunny.SanityTesting -->
